{"contracts\\Crowdfundingfactory.sol":{"l":{"20":3,"21":3,"29":7,"30":7,"41":0,"45":7},"path":"C:\\Users\\pc\\Desktop\\Term3\\I2B\\ProjectCrowdFund\\contracts\\Crowdfundingfactory.sol","s":{"1":7,"2":0,"3":7},"b":{},"f":{"1":3,"2":7,"3":0,"4":7},"fnMap":{"1":{"name":"constructor","line":18,"loc":{"start":{"line":18,"column":4},"end":{"line":23,"column":4}}},"2":{"name":"createChildContract","line":25,"loc":{"start":{"line":25,"column":4},"end":{"line":38,"column":4}}},"3":{"name":"getOwner","line":40,"loc":{"start":{"line":40,"column":4},"end":{"line":42,"column":4}}},"4":{"name":"getMap","line":44,"loc":{"start":{"line":44,"column":4},"end":{"line":46,"column":4}}}},"statementMap":{"1":{"start":{"line":29,"column":8},"end":{"line":29,"column":144}},"2":{"start":{"line":41,"column":8},"end":{"line":41,"column":20}},"3":{"start":{"line":45,"column":8},"end":{"line":45,"column":25}}},"branchMap":{}},"contracts\\Crowdfundingplatform.sol":{"l":{"37":7,"39":7,"40":7,"41":7,"42":7,"43":7,"45":7,"49":0,"50":0,"67":2,"69":1,"71":1,"75":1,"77":1,"81":0,"82":0,"83":0,"87":1,"90":1,"94":7,"97":1,"101":1,"105":1,"109":1,"125":7},"path":"C:\\Users\\pc\\Desktop\\Term3\\I2B\\ProjectCrowdFund\\contracts\\Crowdfundingplatform.sol","s":{"1":0,"2":2,"3":1,"4":0,"5":0,"6":0,"7":1,"8":1,"9":7,"10":1,"11":1,"12":1,"13":1,"14":7},"b":{"1":[0,0],"2":[1,1],"3":[0,0]},"f":{"1":7,"2":0,"3":2,"4":0,"5":1,"6":1,"7":7,"8":1,"9":1,"10":1,"11":1,"12":7},"fnMap":{"1":{"name":"constructor","line":36,"loc":{"start":{"line":36,"column":4},"end":{"line":46,"column":4}}},"2":{"name":"onlyOwner","line":48,"loc":{"start":{"line":48,"column":4},"end":{"line":51,"column":4}}},"3":{"name":"contribute","line":65,"loc":{"start":{"line":65,"column":4},"end":{"line":78,"column":4}}},"4":{"name":"transferToken","line":80,"loc":{"start":{"line":80,"column":4},"end":{"line":84,"column":4}}},"5":{"name":"getOwner","line":86,"loc":{"start":{"line":86,"column":4},"end":{"line":88,"column":4}}},"6":{"name":"getProjectName","line":89,"loc":{"start":{"line":89,"column":4},"end":{"line":91,"column":4}}},"7":{"name":"getAddress","line":93,"loc":{"start":{"line":93,"column":4},"end":{"line":95,"column":4}}},"8":{"name":"getMinimumAmount","line":96,"loc":{"start":{"line":96,"column":4},"end":{"line":98,"column":4}}},"9":{"name":"getTargetAmount","line":100,"loc":{"start":{"line":100,"column":4},"end":{"line":102,"column":4}}},"10":{"name":"getTokenRate","line":104,"loc":{"start":{"line":104,"column":4},"end":{"line":106,"column":4}}},"11":{"name":"getTokenAddress","line":108,"loc":{"start":{"line":108,"column":4},"end":{"line":110,"column":4}}},"12":{"name":"constructor","line":124,"loc":{"start":{"line":124,"column":4},"end":{"line":126,"column":4}}}},"statementMap":{"1":{"start":{"line":49,"column":8},"end":{"line":49,"column":53}},"2":{"start":{"line":67,"column":8},"end":{"line":67,"column":74}},"3":{"start":{"line":75,"column":8},"end":{"line":75,"column":80}},"4":{"start":{"line":81,"column":8},"end":{"line":81,"column":93}},"5":{"start":{"line":82,"column":8},"end":{"line":82,"column":51}},"6":{"start":{"line":83,"column":8},"end":{"line":83,"column":61}},"7":{"start":{"line":87,"column":8},"end":{"line":87,"column":20}},"8":{"start":{"line":90,"column":8},"end":{"line":90,"column":26}},"9":{"start":{"line":94,"column":8},"end":{"line":94,"column":28}},"10":{"start":{"line":97,"column":8},"end":{"line":97,"column":28}},"11":{"start":{"line":101,"column":8},"end":{"line":101,"column":27}},"12":{"start":{"line":105,"column":8},"end":{"line":105,"column":24}},"13":{"start":{"line":109,"column":8},"end":{"line":109,"column":36}},"14":{"start":{"line":125,"column":8},"end":{"line":125,"column":30}}},"branchMap":{"1":{"line":49,"type":"if","locations":[{"start":{"line":49,"column":8},"end":{"line":49,"column":8}},{"start":{"line":49,"column":8},"end":{"line":49,"column":8}}]},"2":{"line":67,"type":"if","locations":[{"start":{"line":67,"column":8},"end":{"line":67,"column":8}},{"start":{"line":67,"column":8},"end":{"line":67,"column":8}}]},"3":{"line":81,"type":"if","locations":[{"start":{"line":81,"column":8},"end":{"line":81,"column":8}},{"start":{"line":81,"column":8},"end":{"line":81,"column":8}}]}}},"contracts\\Lock.sol":{"l":{"14":0,"19":0,"20":0,"27":0,"28":0,"30":0,"32":0},"path":"C:\\Users\\pc\\Desktop\\Term3\\I2B\\ProjectCrowdFund\\contracts\\Lock.sol","s":{"1":0,"2":0,"3":0,"4":0,"5":0},"b":{"1":[0,0],"2":[0,0],"3":[0,0]},"f":{"1":0,"2":0},"fnMap":{"1":{"name":"constructor","line":13,"loc":{"start":{"line":13,"column":4},"end":{"line":21,"column":4}}},"2":{"name":"withdraw","line":23,"loc":{"start":{"line":23,"column":4},"end":{"line":33,"column":4}}}},"statementMap":{"1":{"start":{"line":14,"column":8},"end":{"line":14,"column":340}},"2":{"start":{"line":27,"column":8},"end":{"line":27,"column":71}},"3":{"start":{"line":28,"column":8},"end":{"line":28,"column":59}},"4":{"start":{"line":30,"column":8},"end":{"line":30,"column":63}},"5":{"start":{"line":32,"column":8},"end":{"line":32,"column":44}}},"branchMap":{"1":{"line":14,"type":"if","locations":[{"start":{"line":14,"column":8},"end":{"line":14,"column":8}},{"start":{"line":14,"column":8},"end":{"line":14,"column":8}}]},"2":{"line":27,"type":"if","locations":[{"start":{"line":27,"column":8},"end":{"line":27,"column":8}},{"start":{"line":27,"column":8},"end":{"line":27,"column":8}}]},"3":{"line":28,"type":"if","locations":[{"start":{"line":28,"column":8},"end":{"line":28,"column":8}},{"start":{"line":28,"column":8},"end":{"line":28,"column":8}}]}}}}