TN:
SF:C:\Users\pc\Desktop\Term3\I2B\ProjectCrowdFund\contracts\Crowdfundingfactory.sol
FN:18,constructor
FN:25,createChildContract
FN:40,getOwner
FN:44,getMap
FNF:4
FNH:3
FNDA:3,constructor
FNDA:7,createChildContract
FNDA:0,getOwner
FNDA:7,getMap
DA:20,3
DA:21,3
DA:29,7
DA:30,7
DA:41,0
DA:45,7
LF:6
LH:5
BRF:0
BRH:0
end_of_record
TN:
SF:C:\Users\pc\Desktop\Term3\I2B\ProjectCrowdFund\contracts\Crowdfundingplatform.sol
FN:36,constructor
FN:48,onlyOwner
FN:65,contribute
FN:80,transferToken
FN:86,getOwner
FN:89,getProjectName
FN:93,getAddress
FN:96,getMinimumAmount
FN:100,getTargetAmount
FN:104,getTokenRate
FN:108,getTokenAddress
FN:124,constructor
FNF:12
FNH:10
FNDA:7,constructor
FNDA:0,onlyOwner
FNDA:2,contribute
FNDA:0,transferToken
FNDA:1,getOwner
FNDA:1,getProjectName
FNDA:7,getAddress
FNDA:1,getMinimumAmount
FNDA:1,getTargetAmount
FNDA:1,getTokenRate
FNDA:1,getTokenAddress
FNDA:7,constructor
DA:37,7
DA:39,7
DA:40,7
DA:41,7
DA:42,7
DA:43,7
DA:45,7
DA:49,0
DA:50,0
DA:67,2
DA:69,1
DA:71,1
DA:75,1
DA:77,1
DA:81,0
DA:82,0
DA:83,0
DA:87,1
DA:90,1
DA:94,7
DA:97,1
DA:101,1
DA:105,1
DA:109,1
DA:125,7
LF:25
LH:20
BRDA:49,1,0,0
BRDA:49,1,1,0
BRDA:67,2,0,1
BRDA:67,2,1,1
BRDA:81,3,0,0
BRDA:81,3,1,0
BRF:6
BRH:2
end_of_record
TN:
SF:C:\Users\pc\Desktop\Term3\I2B\ProjectCrowdFund\contracts\Lock.sol
FN:13,constructor
FN:23,withdraw
FNF:2
FNH:0
FNDA:0,constructor
FNDA:0,withdraw
DA:14,0
DA:19,0
DA:20,0
DA:27,0
DA:28,0
DA:30,0
DA:32,0
LF:7
LH:0
BRDA:14,1,0,0
BRDA:14,1,1,0
BRDA:27,2,0,0
BRDA:27,2,1,0
BRDA:28,3,0,0
BRDA:28,3,1,0
BRF:6
BRH:0
end_of_record
